{
  "RSpec": {
    "coverage": {
      "/home/styd/Projects/apexcharts.rb/lib/apex_charts/helper.rb": {
        "lines": [
          null,
          null,
          1,
          1,
          1,
          1,
          1,
          1,
          1,
          1,
          null,
          1,
          1,
          1,
          null,
          1,
          1,
          0,
          0,
          null,
          null,
          null,
          null,
          null,
          null,
          1,
          0,
          0,
          null,
          null,
          null,
          null,
          null,
          null,
          1,
          0,
          0,
          null,
          null,
          null,
          null,
          null,
          null,
          1,
          0,
          0,
          null,
          null,
          null,
          null,
          null,
          null,
          1,
          0,
          0,
          null,
          null,
          null,
          null,
          null,
          null,
          1,
          0,
          0,
          null,
          null,
          null,
          null,
          null,
          null,
          1,
          0,
          0,
          null,
          null,
          null,
          null,
          null,
          1,
          null,
          1,
          0,
          null,
          null,
          null,
          null,
          null,
          null,
          1,
          0,
          null,
          null,
          null,
          null,
          null,
          null,
          1,
          0,
          null,
          null,
          null,
          null,
          null,
          null,
          1,
          0,
          0,
          null,
          null,
          null,
          null,
          null,
          1,
          null,
          1,
          0,
          0,
          null,
          null,
          null,
          null,
          null,
          1,
          null,
          1,
          0,
          null,
          null,
          null,
          null,
          null,
          null,
          1,
          0,
          null,
          null,
          null,
          null,
          null,
          null,
          1,
          0,
          null,
          null,
          null,
          null,
          null,
          1,
          null,
          null,
          1,
          null,
          1,
          0,
          0,
          null,
          null,
          1,
          0,
          0,
          0,
          0,
          null,
          null,
          1,
          0,
          0,
          0,
          null,
          null,
          1,
          0,
          0,
          0,
          null,
          null,
          1,
          null,
          null
        ]
      },
      "/home/styd/Projects/apexcharts.rb/lib/apex_charts/configuration.rb": {
        "lines": [
          null,
          null,
          1,
          1,
          null,
          1,
          1,
          1,
          null,
          1,
          9,
          null,
          null,
          1,
          2,
          null,
          null,
          1,
          228,
          null,
          null,
          null,
          1,
          1,
          1,
          null,
          null
        ]
      },
      "/home/styd/Projects/apexcharts.rb/lib/apex_charts/config/default_options.rb": {
        "lines": [
          null,
          null,
          1,
          1,
          1,
          1,
          null,
          0,
          null,
          null,
          1,
          1,
          null,
          null,
          null,
          null
        ]
      },
      "/home/styd/Projects/apexcharts.rb/lib/apex_charts/config/schema.rb": {
        "lines": [
          null,
          null,
          1,
          1,
          1,
          1,
          63,
          null,
          null,
          1,
          160,
          null,
          40,
          null,
          120,
          null,
          null,
          null,
          null,
          null
        ]
      },
      "/home/styd/Projects/apexcharts.rb/lib/apex_charts/utils.rb": {
        "lines": [
          null,
          null,
          1,
          1,
          1
        ]
      },
      "/home/styd/Projects/apexcharts.rb/lib/apex_charts/utils/date_time.rb": {
        "lines": [
          null,
          null,
          1,
          null,
          1,
          1,
          1,
          1,
          null,
          1,
          6,
          null,
          1,
          null,
          2,
          null,
          3,
          1,
          1,
          1,
          null,
          null,
          null,
          1,
          null,
          null,
          1,
          6,
          6,
          null,
          1,
          null,
          2,
          null,
          3,
          1,
          1,
          1,
          null,
          null,
          null,
          1,
          null,
          null,
          1,
          10,
          null,
          null,
          1,
          5,
          null,
          null,
          1,
          121,
          null,
          5,
          null,
          null,
          116,
          null,
          null,
          2,
          null,
          null,
          null,
          114,
          null,
          null,
          null,
          null
        ]
      },
      "/home/styd/Projects/apexcharts.rb/lib/apex_charts/utils/hash.rb": {
        "lines": [
          null,
          null,
          1,
          1,
          1,
          1,
          null,
          1,
          68,
          31,
          29,
          null,
          2,
          null,
          null,
          null,
          null,
          1,
          563,
          null,
          null,
          1,
          765,
          null,
          836,
          null,
          158,
          null,
          366,
          null,
          null,
          null,
          null,
          null
        ]
      },
      "/home/styd/Projects/apexcharts.rb/lib/apex_charts/utils/copy.rb": {
        "lines": [
          null,
          null,
          1,
          1,
          1,
          1,
          49,
          null,
          null,
          null,
          null
        ]
      },
      "/home/styd/Projects/apexcharts.rb/lib/apex_charts/series.rb": {
        "lines": [
          null,
          null,
          1,
          1,
          3,
          null,
          null
        ]
      },
      "/home/styd/Projects/apexcharts.rb/lib/apex_charts/options_builder.rb": {
        "lines": [
          null,
          null,
          1,
          2,
          2,
          2,
          2,
          2,
          2,
          2,
          2,
          2,
          2,
          2,
          2,
          2,
          2,
          2,
          null,
          null,
          1,
          1,
          1,
          1,
          null,
          1,
          null,
          1,
          115,
          115,
          5,
          null,
          110,
          null,
          115,
          null,
          null,
          1,
          23,
          null,
          23,
          23,
          23,
          null,
          null,
          1,
          23,
          23,
          23,
          23,
          23,
          23,
          23,
          23,
          23,
          23,
          23,
          23,
          23,
          23,
          23,
          23,
          23,
          23,
          23,
          23,
          23,
          null,
          null,
          1,
          24,
          null,
          null,
          null,
          null,
          null,
          null,
          null,
          1,
          25,
          25,
          25,
          2,
          null,
          null,
          null,
          null,
          1,
          27,
          27,
          null,
          2,
          null,
          null,
          null,
          25,
          null,
          null,
          27,
          null,
          null,
          23,
          null,
          null,
          null,
          null,
          null,
          null,
          null,
          null,
          27,
          null,
          27,
          null,
          2,
          null,
          null,
          1,
          26,
          26,
          26,
          null,
          null,
          1,
          27,
          27,
          null,
          4,
          2,
          2,
          2,
          null,
          null,
          null,
          1,
          25,
          25,
          null,
          null,
          null,
          1,
          27,
          27,
          2,
          25,
          2,
          null,
          null,
          null,
          1,
          27,
          27,
          2,
          25,
          2,
          null,
          null,
          null,
          1,
          26,
          26,
          26,
          null,
          null,
          1,
          29,
          29,
          2,
          27,
          2,
          25,
          2,
          null,
          null,
          null,
          1,
          27,
          27,
          2,
          25,
          2,
          null,
          null,
          null,
          1,
          27,
          27,
          2,
          25,
          2,
          null,
          null,
          null,
          1,
          25,
          25,
          null,
          8,
          null,
          null,
          null,
          1,
          26,
          26,
          26,
          null,
          null,
          1,
          27,
          null,
          null,
          null,
          null,
          null,
          27,
          27,
          null,
          27,
          null,
          null,
          1,
          29,
          29,
          null,
          29,
          29,
          2,
          27,
          2,
          null,
          null,
          29,
          null,
          null,
          1,
          27,
          27,
          2,
          25,
          2,
          null,
          null,
          null,
          1,
          33,
          33,
          8,
          null,
          2,
          null,
          2,
          null,
          4,
          null,
          25,
          2,
          null,
          null,
          null,
          1,
          27,
          27,
          2,
          25,
          2,
          null,
          null,
          null,
          1,
          27,
          27,
          2,
          25,
          2,
          null,
          null,
          null,
          1,
          31,
          31,
          25,
          null,
          null,
          null,
          null,
          31,
          null,
          31,
          2,
          29,
          2,
          2,
          null,
          null,
          31,
          null,
          null,
          1,
          29,
          29,
          25,
          null,
          null,
          null,
          null,
          29,
          null,
          29,
          2,
          27,
          2,
          2,
          null,
          null,
          29,
          null,
          null,
          1,
          null,
          1,
          54,
          4,
          null,
          null,
          null,
          1,
          54,
          null,
          4,
          4,
          0,
          0,
          null,
          null,
          null,
          1,
          81,
          6,
          75,
          0,
          null,
          null,
          null,
          1,
          6,
          2,
          4,
          2,
          null,
          null,
          null,
          null,
          1,
          63,
          63,
          null,
          null,
          null
        ]
      },
      "/home/styd/Projects/apexcharts.rb/lib/apex_charts/options/default/root_options.rb": {
        "lines": [
          1,
          1,
          1,
          1,
          null,
          1,
          1,
          1,
          1,
          null,
          null,
          null,
          null,
          null,
          null,
          null,
          null,
          null,
          null,
          null,
          null,
          null,
          null,
          null,
          null,
          null,
          null,
          null,
          null,
          null,
          null,
          null,
          null,
          null,
          null,
          null,
          null,
          null
        ]
      },
      "/home/styd/Projects/apexcharts.rb/lib/apex_charts/options/default/helper_options.rb": {
        "lines": [
          1,
          null,
          1,
          1,
          1,
          1,
          null,
          null,
          null,
          null,
          null,
          null,
          null,
          null,
          null,
          null,
          null,
          null,
          null,
          null,
          null,
          null
        ]
      },
      "/home/styd/Projects/apexcharts.rb/lib/apex_charts/options/default/chart_options.rb": {
        "lines": [
          1,
          1,
          1,
          1,
          null,
          null,
          null,
          null,
          null,
          null,
          null,
          null,
          null,
          null,
          null,
          null,
          null,
          null,
          null,
          null,
          null,
          null,
          null,
          null,
          null,
          null,
          null,
          null,
          null,
          null,
          null,
          null
        ]
      },
      "/home/styd/Projects/apexcharts.rb/lib/apex_charts/options/default/stroke_options.rb": {
        "lines": [
          1,
          1,
          1,
          1,
          null,
          null,
          null,
          null,
          null,
          null,
          null,
          null,
          null,
          null
        ]
      },
      "/home/styd/Projects/apexcharts.rb/lib/apex_charts/options/default/states_options.rb": {
        "lines": [
          1,
          1,
          1,
          1,
          null,
          null,
          null,
          null,
          null,
          null,
          null
        ]
      },
      "/home/styd/Projects/apexcharts.rb/lib/apex_charts/options/default/annotations_options.rb": {
        "lines": [
          1,
          1,
          1,
          1,
          null,
          null,
          null,
          null,
          null,
          null,
          null,
          null,
          null,
          null
        ]
      },
      "/home/styd/Projects/apexcharts.rb/lib/apex_charts/options/default/data_labels_options.rb": {
        "lines": [
          1,
          1,
          1,
          1,
          null,
          null,
          null,
          null,
          null,
          null,
          null,
          null,
          null,
          null,
          null,
          null,
          null,
          null
        ]
      },
      "/home/styd/Projects/apexcharts.rb/lib/apex_charts/options/default/fill_options.rb": {
        "lines": [
          1,
          1,
          1,
          1,
          null,
          null,
          null,
          null,
          null,
          null,
          null,
          null,
          null,
          null
        ]
      },
      "/home/styd/Projects/apexcharts.rb/lib/apex_charts/options/default/grid_options.rb": {
        "lines": [
          1,
          1,
          1,
          1,
          null,
          null,
          null,
          null,
          null,
          null,
          null,
          null,
          null,
          null,
          null,
          null,
          null
        ]
      },
      "/home/styd/Projects/apexcharts.rb/lib/apex_charts/options/default/legend_options.rb": {
        "lines": [
          1,
          1,
          1,
          1,
          null,
          null,
          null,
          null,
          null,
          null,
          null,
          null,
          null,
          null,
          null,
          null,
          null,
          null,
          null,
          null,
          null,
          null,
          null,
          null,
          null,
          null,
          null,
          null,
          null,
          null,
          null,
          null
        ]
      },
      "/home/styd/Projects/apexcharts.rb/lib/apex_charts/options/default/markers_options.rb": {
        "lines": [
          1,
          1,
          1,
          1,
          null,
          null,
          null,
          null,
          null,
          null,
          null,
          null,
          null,
          null,
          null,
          null,
          null,
          null,
          null,
          null,
          null,
          null,
          null,
          null
        ]
      },
      "/home/styd/Projects/apexcharts.rb/lib/apex_charts/options/default/no_data_options.rb": {
        "lines": [
          1,
          1,
          1,
          1,
          null,
          null,
          null,
          null,
          null,
          null,
          null,
          null,
          null,
          null
        ]
      },
      "/home/styd/Projects/apexcharts.rb/lib/apex_charts/options/default/plot_options.rb": {
        "lines": [
          1,
          1,
          1,
          1,
          null,
          null,
          null,
          null,
          null,
          null,
          null,
          null,
          null,
          null,
          null,
          null,
          null,
          null
        ]
      },
      "/home/styd/Projects/apexcharts.rb/lib/apex_charts/options/default/title_subtitle_options.rb": {
        "lines": [
          1,
          1,
          1,
          1,
          null,
          null,
          null,
          null,
          null,
          null,
          null,
          null,
          null,
          null,
          null
        ]
      },
      "/home/styd/Projects/apexcharts.rb/lib/apex_charts/options/default/theme_options.rb": {
        "lines": [
          1,
          1,
          1,
          1,
          null,
          null,
          null,
          null,
          null,
          null,
          null
        ]
      },
      "/home/styd/Projects/apexcharts.rb/lib/apex_charts/options/default/tooltip_options.rb": {
        "lines": [
          1,
          1,
          1,
          1,
          null,
          null,
          null,
          null,
          null,
          null,
          null,
          null,
          null,
          null,
          null,
          null,
          null,
          null,
          null,
          null,
          null,
          null,
          null,
          null,
          null
        ]
      },
      "/home/styd/Projects/apexcharts.rb/lib/apex_charts/options/default/x_axis_options.rb": {
        "lines": [
          1,
          1,
          1,
          1,
          null,
          null,
          null,
          null,
          null,
          null,
          null,
          null,
          null,
          null,
          null,
          null,
          null,
          null,
          null,
          null,
          null,
          null,
          null,
          null,
          null,
          null
        ]
      },
      "/home/styd/Projects/apexcharts.rb/lib/apex_charts/options/default/y_axis_options.rb": {
        "lines": [
          1,
          1,
          1,
          1,
          null,
          null,
          null,
          null,
          null,
          null,
          null,
          null,
          null,
          null,
          null,
          null,
          null,
          null,
          null,
          null,
          null,
          null,
          null,
          null,
          null,
          null,
          null,
          null
        ]
      },
      "/home/styd/Projects/apexcharts.rb/lib/apex_charts/options/dry_schema/root_options.rb": {
        "lines": [
          null,
          null,
          1,
          1,
          1,
          1,
          1,
          null,
          1,
          1,
          1,
          1,
          1,
          1,
          1,
          1,
          1,
          1,
          1,
          1,
          1,
          1,
          1,
          1,
          1,
          1,
          1,
          1,
          1,
          1,
          1,
          1,
          1,
          null,
          1,
          null,
          45,
          null,
          null,
          null,
          null,
          null
        ]
      },
      "/home/styd/Projects/apexcharts.rb/lib/apex_charts/options/dry_schema/schema.rb": {
        "lines": [
          1,
          null,
          1,
          1,
          1,
          1,
          1,
          17,
          17,
          0,
          null,
          17,
          null,
          null,
          null,
          1,
          49,
          null,
          null,
          null,
          null,
          null
        ]
      },
      "/home/styd/Projects/apexcharts.rb/lib/apex_charts/options/dry_schema/helper_options.rb": {
        "lines": [
          null,
          null,
          1,
          1,
          1,
          1,
          1,
          1,
          1,
          1,
          1,
          1,
          1,
          1,
          1,
          1,
          1,
          1,
          null,
          null,
          null,
          null
        ]
      },
      "/home/styd/Projects/apexcharts.rb/lib/apex_charts/options/dry_schema/chart_options.rb": {
        "lines": [
          null,
          null,
          1,
          1,
          1,
          1,
          1,
          1,
          1,
          1,
          1,
          1,
          1,
          1,
          1,
          1,
          1,
          1,
          1,
          1,
          1,
          1,
          1,
          1,
          1,
          1,
          1,
          1,
          1,
          1,
          null,
          null,
          null,
          null
        ]
      },
      "/home/styd/Projects/apexcharts.rb/lib/apex_charts/options/dry_schema/stroke_options.rb": {
        "lines": [
          null,
          null,
          1,
          1,
          1,
          1,
          1,
          1,
          1,
          1,
          1,
          1,
          null,
          null,
          null,
          null
        ]
      },
      "/home/styd/Projects/apexcharts.rb/lib/apex_charts/options/dry_schema/states_options.rb": {
        "lines": [
          null,
          null,
          1,
          1,
          1,
          1,
          1,
          1,
          1,
          null,
          null,
          null,
          null
        ]
      },
      "/home/styd/Projects/apexcharts.rb/lib/apex_charts/options/dry_schema/annotations_options.rb": {
        "lines": [
          null,
          null,
          1,
          1,
          1,
          1,
          1,
          1,
          1,
          1,
          1,
          1,
          null,
          null,
          null,
          null
        ]
      },
      "/home/styd/Projects/apexcharts.rb/lib/apex_charts/options/dry_schema/data_labels_options.rb": {
        "lines": [
          null,
          null,
          1,
          1,
          1,
          1,
          1,
          1,
          1,
          1,
          1,
          1,
          1,
          1,
          1,
          1,
          null,
          null,
          null,
          null
        ]
      },
      "/home/styd/Projects/apexcharts.rb/lib/apex_charts/options/dry_schema/fill_options.rb": {
        "lines": [
          null,
          null,
          1,
          1,
          1,
          1,
          1,
          1,
          1,
          1,
          1,
          1,
          null,
          null,
          null,
          null
        ]
      },
      "/home/styd/Projects/apexcharts.rb/lib/apex_charts/options/dry_schema/grid_options.rb": {
        "lines": [
          null,
          null,
          1,
          1,
          1,
          1,
          1,
          1,
          1,
          1,
          1,
          1,
          1,
          1,
          1,
          null,
          null,
          null,
          null
        ]
      },
      "/home/styd/Projects/apexcharts.rb/lib/apex_charts/options/dry_schema/legend_options.rb": {
        "lines": [
          null,
          null,
          1,
          1,
          1,
          1,
          1,
          1,
          1,
          1,
          1,
          1,
          1,
          1,
          1,
          1,
          1,
          1,
          1,
          1,
          1,
          1,
          1,
          1,
          1,
          1,
          1,
          1,
          1,
          1,
          null,
          null,
          null,
          null
        ]
      },
      "/home/styd/Projects/apexcharts.rb/lib/apex_charts/options/dry_schema/markers_options.rb": {
        "lines": [
          null,
          null,
          1,
          1,
          1,
          1,
          1,
          1,
          1,
          1,
          1,
          1,
          1,
          1,
          1,
          1,
          1,
          1,
          1,
          1,
          1,
          1,
          null,
          null,
          null,
          null
        ]
      },
      "/home/styd/Projects/apexcharts.rb/lib/apex_charts/options/dry_schema/no_data_options.rb": {
        "lines": [
          null,
          null,
          1,
          1,
          1,
          1,
          1,
          1,
          1,
          1,
          1,
          1,
          null,
          null,
          null,
          null
        ]
      },
      "/home/styd/Projects/apexcharts.rb/lib/apex_charts/options/dry_schema/plot_options.rb": {
        "lines": [
          null,
          null,
          1,
          1,
          1,
          1,
          1,
          1,
          1,
          1,
          1,
          1,
          1,
          1,
          1,
          1,
          null,
          null,
          null,
          null
        ]
      },
      "/home/styd/Projects/apexcharts.rb/lib/apex_charts/options/dry_schema/title_subtitle_options.rb": {
        "lines": [
          null,
          null,
          1,
          1,
          1,
          1,
          1,
          1,
          1,
          1,
          1,
          1,
          1,
          null,
          null,
          null,
          null
        ]
      },
      "/home/styd/Projects/apexcharts.rb/lib/apex_charts/options/dry_schema/theme_options.rb": {
        "lines": [
          null,
          null,
          1,
          1,
          1,
          1,
          1,
          1,
          1,
          null,
          null,
          null,
          null
        ]
      },
      "/home/styd/Projects/apexcharts.rb/lib/apex_charts/options/dry_schema/tooltip_options.rb": {
        "lines": [
          null,
          null,
          1,
          1,
          1,
          1,
          1,
          1,
          1,
          1,
          1,
          1,
          1,
          1,
          1,
          1,
          1,
          1,
          1,
          1,
          1,
          1,
          1,
          null,
          null,
          null,
          null
        ]
      },
      "/home/styd/Projects/apexcharts.rb/lib/apex_charts/options/dry_schema/x_axis_options.rb": {
        "lines": [
          null,
          null,
          1,
          1,
          1,
          1,
          1,
          1,
          1,
          1,
          1,
          1,
          1,
          1,
          1,
          1,
          1,
          1,
          1,
          1,
          1,
          1,
          1,
          1,
          null,
          null,
          null,
          null
        ]
      },
      "/home/styd/Projects/apexcharts.rb/lib/apex_charts/options/dry_schema/y_axis_options.rb": {
        "lines": [
          null,
          null,
          1,
          1,
          1,
          1,
          1,
          1,
          1,
          1,
          1,
          1,
          1,
          1,
          1,
          1,
          1,
          1,
          1,
          1,
          1,
          1,
          1,
          1,
          1,
          1,
          null,
          null,
          null,
          null
        ]
      },
      "/home/styd/Projects/apexcharts.rb/lib/apex_charts/renderer.rb": {
        "lines": [
          null,
          null,
          1,
          1,
          null,
          1,
          1,
          1,
          1,
          4,
          null,
          null,
          null,
          1,
          null,
          1,
          4,
          null,
          null,
          1,
          4,
          4,
          null,
          4,
          null,
          null,
          null,
          null,
          4,
          null,
          null,
          null,
          null,
          null,
          1,
          4,
          1,
          null,
          null,
          null,
          null,
          null,
          null,
          null,
          null,
          null,
          null,
          null,
          null,
          null,
          null,
          3,
          null,
          null,
          null,
          1,
          4,
          2,
          2,
          null,
          null,
          null,
          1,
          4,
          null,
          null,
          1,
          22,
          null,
          null,
          1,
          14,
          null,
          null,
          1,
          8,
          null,
          null,
          1,
          12,
          null,
          null,
          1,
          4,
          null,
          null,
          1,
          4,
          null,
          null,
          1,
          4,
          null,
          null,
          1,
          0,
          null,
          null,
          1,
          4,
          null,
          null,
          null,
          null,
          null,
          null,
          1,
          1,
          2,
          null,
          null,
          null,
          null
        ]
      },
      "/home/styd/Projects/apexcharts.rb/lib/apex_charts/version.rb": {
        "lines": [
          null,
          null,
          1,
          1,
          1,
          null
        ]
      },
      "/home/styd/Projects/apexcharts.rb/lib/apex_charts/charts.rb": {
        "lines": [
          null,
          null,
          1,
          1,
          null,
          null,
          null,
          14,
          null,
          null,
          1,
          1,
          null,
          1,
          1,
          null
        ]
      },
      "/home/styd/Projects/apexcharts.rb/lib/apex_charts/prefixer.rb": {
        "lines": [
          null,
          null,
          1,
          1,
          1,
          3,
          null,
          null,
          1,
          3,
          null,
          3,
          1,
          2,
          2,
          null,
          null,
          3,
          null,
          null,
          null
        ]
      },
      "/home/styd/Projects/apexcharts.rb/lib/apex_charts/theme.rb": {
        "lines": [
          null,
          null,
          1,
          null,
          1,
          1,
          1,
          null,
          null,
          1,
          null,
          1,
          1,
          8,
          null,
          null,
          1,
          3,
          null,
          null,
          1,
          10,
          null,
          null,
          1,
          10,
          null,
          null,
          1,
          5,
          null,
          null,
          1,
          20,
          null,
          null,
          1,
          31,
          null,
          null,
          null,
          1,
          null,
          null
        ]
      },
      "/home/styd/Projects/apexcharts.rb/lib/apex_charts/colors.rb": {
        "lines": [
          null,
          null,
          1,
          null,
          1,
          1,
          1,
          12,
          null,
          null,
          1,
          10,
          null,
          null,
          1,
          null,
          1,
          12,
          12,
          24,
          24,
          null,
          22,
          null,
          null,
          null,
          null
        ]
      },
      "/home/styd/Projects/apexcharts.rb/lib/apex_charts/charts/area_chart.rb": {
        "lines": [
          null,
          null,
          1,
          1,
          1,
          6,
          null,
          null,
          null
        ]
      },
      "/home/styd/Projects/apexcharts.rb/lib/apex_charts/charts/cartesian_chart.rb": {
        "lines": [
          null,
          null,
          1,
          1,
          1,
          null,
          1,
          1,
          1,
          1,
          1,
          null,
          1,
          15,
          15,
          null,
          null,
          null,
          null,
          15,
          null,
          15,
          null,
          15,
          15,
          15,
          null,
          15,
          null,
          null,
          1,
          16,
          null,
          null,
          1,
          14,
          null,
          null,
          1,
          0,
          0,
          null,
          0,
          null,
          null,
          null,
          1,
          0,
          null,
          null,
          1,
          null,
          1,
          0,
          0,
          null,
          null,
          null,
          1,
          15,
          null,
          null,
          null,
          1,
          0,
          0,
          0,
          0,
          null,
          null,
          null,
          null,
          null,
          1,
          0,
          null,
          null,
          1,
          0,
          null,
          null,
          null
        ]
      },
      "/home/styd/Projects/apexcharts.rb/lib/apex_charts/charts/features/annotations.rb": {
        "lines": [
          null,
          null,
          1,
          1,
          1,
          0,
          null,
          0,
          null,
          0,
          0,
          0,
          0,
          null,
          0,
          null,
          null,
          null,
          null,
          null,
          null,
          1,
          0,
          null,
          null,
          1,
          0,
          null,
          null,
          1,
          0,
          null,
          null,
          1,
          null,
          1,
          0,
          0,
          null,
          0,
          null,
          0,
          null,
          0,
          null,
          0,
          null,
          0,
          null,
          null,
          0,
          0,
          0,
          null,
          0,
          0,
          null,
          null,
          null,
          null,
          1,
          null,
          0,
          null,
          null,
          null,
          null,
          null,
          null,
          null,
          null,
          null,
          null,
          1,
          null,
          null
        ]
      },
      "/home/styd/Projects/apexcharts.rb/lib/apex_charts/charts/features/mixable.rb": {
        "lines": [
          null,
          null,
          1,
          1,
          1,
          19,
          10,
          null,
          null,
          null
        ]
      },
      "/home/styd/Projects/apexcharts.rb/lib/apex_charts/charts/base_chart.rb": {
        "lines": [
          null,
          null,
          1,
          1,
          1,
          null,
          1,
          null,
          1,
          7,
          7,
          null,
          null,
          1,
          2,
          null,
          null,
          1,
          null,
          1,
          null,
          1,
          22,
          22,
          22,
          null,
          null,
          1,
          23,
          null,
          null,
          null,
          null,
          null,
          null,
          null,
          null
        ]
      },
      "/home/styd/Projects/apexcharts.rb/lib/apex_charts/charts/bar_chart.rb": {
        "lines": [
          null,
          null,
          1,
          1,
          1,
          9,
          null,
          null,
          1,
          8,
          null,
          null,
          null
        ]
      },
      "/home/styd/Projects/apexcharts.rb/lib/apex_charts/charts/bubble_chart.rb": {
        "lines": [
          null,
          null,
          1,
          1,
          1,
          2,
          null,
          null,
          1,
          1,
          null,
          null,
          null
        ]
      },
      "/home/styd/Projects/apexcharts.rb/lib/apex_charts/charts/candlestick_chart.rb": {
        "lines": [
          null,
          null,
          1,
          1,
          1,
          3,
          null,
          null,
          null
        ]
      },
      "/home/styd/Projects/apexcharts.rb/lib/apex_charts/charts/column_chart.rb": {
        "lines": [
          null,
          null,
          1,
          1,
          1,
          2,
          null,
          null,
          null
        ]
      },
      "/home/styd/Projects/apexcharts.rb/lib/apex_charts/charts/donut_chart.rb": {
        "lines": [
          null,
          null,
          1,
          1,
          1,
          2,
          null,
          null,
          null
        ]
      },
      "/home/styd/Projects/apexcharts.rb/lib/apex_charts/charts/polar_chart.rb": {
        "lines": [
          null,
          null,
          1,
          1,
          1,
          5,
          null,
          null,
          null
        ]
      },
      "/home/styd/Projects/apexcharts.rb/lib/apex_charts/charts/heatmap_chart.rb": {
        "lines": [
          null,
          null,
          1,
          1,
          1,
          2,
          null,
          null,
          1,
          1,
          null,
          null,
          null
        ]
      },
      "/home/styd/Projects/apexcharts.rb/lib/apex_charts/charts/line_chart.rb": {
        "lines": [
          null,
          null,
          1,
          1,
          1,
          6,
          null,
          null,
          null
        ]
      },
      "/home/styd/Projects/apexcharts.rb/lib/apex_charts/charts/mixed_charts.rb": {
        "lines": [
          null,
          null,
          1,
          null,
          1,
          1,
          1,
          1,
          null,
          1,
          1,
          1,
          1,
          1,
          null,
          1,
          null,
          1,
          1,
          null,
          1,
          null,
          null,
          1,
          2,
          null,
          null,
          1,
          1,
          1,
          null,
          null,
          null,
          1,
          1,
          1,
          null,
          null,
          null,
          1,
          0,
          0,
          null,
          null,
          null,
          1,
          0,
          0,
          null,
          null,
          null,
          1,
          0,
          0,
          null,
          null,
          null,
          1,
          3,
          3,
          null,
          0,
          null,
          null,
          null,
          1,
          0,
          null,
          null,
          1,
          null,
          1,
          1,
          0,
          null,
          null,
          null,
          1,
          1,
          null,
          null,
          null,
          1,
          0,
          0,
          0,
          0,
          null,
          null,
          null,
          null,
          null,
          1,
          0,
          null,
          null,
          1,
          0,
          null,
          null,
          null
        ]
      },
      "/home/styd/Projects/apexcharts.rb/lib/apex_charts/charts/pie_chart.rb": {
        "lines": [
          null,
          null,
          1,
          1,
          1,
          2,
          null,
          null,
          null
        ]
      },
      "/home/styd/Projects/apexcharts.rb/lib/apex_charts/charts/radar_chart.rb": {
        "lines": [
          null,
          null,
          1,
          1,
          1,
          2,
          null,
          null,
          1,
          1,
          null,
          null,
          null
        ]
      },
      "/home/styd/Projects/apexcharts.rb/lib/apex_charts/charts/radial_bar_chart.rb": {
        "lines": [
          null,
          null,
          1,
          1,
          1,
          2,
          null,
          null,
          null
        ]
      },
      "/home/styd/Projects/apexcharts.rb/lib/apex_charts/charts/range_bar_chart.rb": {
        "lines": [
          null,
          null,
          1,
          1,
          1,
          4,
          null,
          null,
          null
        ]
      },
      "/home/styd/Projects/apexcharts.rb/lib/apex_charts/charts/scatter_chart.rb": {
        "lines": [
          null,
          null,
          1,
          1,
          1,
          3,
          null,
          null,
          null
        ]
      },
      "/home/styd/Projects/apexcharts.rb/lib/apex_charts/charts/syncing_charts.rb": {
        "lines": [
          null,
          null,
          1,
          1,
          1,
          1,
          1,
          1,
          1,
          1,
          null,
          1,
          null,
          1,
          null,
          null,
          1,
          1,
          1,
          1,
          null,
          null,
          null,
          1,
          1,
          1,
          1,
          null,
          null,
          null,
          1,
          0,
          0,
          0,
          null,
          null,
          null,
          1,
          0,
          0,
          0,
          null,
          null,
          null,
          1,
          0,
          0,
          0,
          null,
          null,
          null,
          1,
          0,
          0,
          0,
          null,
          null,
          1,
          null,
          1,
          0,
          null,
          null,
          1,
          5,
          5,
          null,
          0,
          null,
          null,
          null,
          1,
          0,
          null,
          null,
          1,
          null,
          1,
          1,
          0,
          null,
          null,
          null,
          null
        ]
      },
      "/home/styd/Projects/apexcharts.rb/lib/apex_charts/series/bubble_series.rb": {
        "lines": [
          null,
          null,
          1,
          null,
          1,
          1,
          1,
          null,
          1,
          null,
          1,
          4,
          null,
          4,
          null,
          3,
          2,
          null,
          1,
          null,
          null,
          null,
          1,
          1,
          null,
          null,
          null,
          null,
          4,
          null,
          null,
          1,
          1,
          null,
          1,
          null,
          null,
          1,
          null,
          1,
          1,
          null,
          null,
          1,
          4,
          null,
          47,
          null,
          null,
          null
        ]
      },
      "/home/styd/Projects/apexcharts.rb/lib/apex_charts/series/cartesian_series.rb": {
        "lines": [
          null,
          null,
          1,
          null,
          1,
          1,
          1,
          null,
          1,
          null,
          1,
          33,
          null,
          null,
          1,
          25,
          null,
          22,
          null,
          null,
          1,
          null,
          1,
          25,
          null,
          null,
          1,
          33,
          null,
          30,
          null,
          26,
          null,
          4,
          null,
          null,
          null,
          1,
          26,
          null,
          20,
          null,
          null,
          6,
          16,
          6,
          null,
          null,
          null,
          null,
          1,
          4,
          2,
          2,
          2,
          null,
          null,
          2,
          0,
          null,
          null,
          null,
          null,
          2,
          4,
          null,
          null,
          null,
          null,
          null,
          null,
          null,
          1,
          6,
          null,
          null,
          1,
          93,
          null,
          null,
          null
        ]
      },
      "/home/styd/Projects/apexcharts.rb/lib/apex_charts/series/polar_series.rb": {
        "lines": [
          null,
          null,
          1,
          null,
          1,
          1,
          1,
          null,
          1,
          null,
          1,
          12,
          null,
          null,
          24,
          null,
          null,
          null,
          null,
          1,
          8,
          null,
          8,
          null,
          null,
          1,
          null,
          1,
          8,
          null,
          null,
          1,
          12,
          12,
          null,
          10,
          null,
          2,
          null,
          40,
          40,
          null,
          null,
          2,
          null,
          null,
          null,
          null
        ]
      },
      "/home/styd/Projects/apexcharts.rb/lib/apex_charts/prefix_with_apex.rb": {
        "lines": [
          null,
          null,
          1,
          null,
          1,
          null,
          1
        ]
      },
      "/home/styd/Projects/apexcharts.rb/lib/apexcharts.rb": {
        "lines": [
          null,
          null,
          1,
          1,
          1
        ]
      }
    },
    "timestamp": 1602329907
  }
}
